<?xml version="1.0" encoding="UTF-8"?>
<!-- Generated by org.testng.reporters.JUnitXMLReporter -->
<testsuite ignored="1" hostname="DESKTOP-0IR7D7Q" failures="0" tests="3" name="GRP-Regression" time="0.155" errors="0" timestamp="2024-06-11T11:05:44 IST">
  <testcase classname="TESTNG_Automation.GroupsDemoTest" name="aTest1" time="0.018"/>
  <testcase classname="TESTNG_Automation.GroupsDemoTest" name="bTest3" time="0.008"/>
  <testcase classname="TESTNG_Automation.GroupsDemoTest" name="bTest2" time="0.007"/>
  <testcase classname="TESTNG_Automation.GroupsDemoTest" name="bTest4" time="0.0">
    <ignored/>
  </testcase> <!-- bTest4 -->
</testsuite> <!-- GRP-Regression -->
