<?xml version="1.0" encoding="UTF-8"?>
<!-- Generated by org.testng.reporters.JUnitXMLReporter -->
<testsuite ignored="2" hostname="DESKTOP-0IR7D7Q" failures="0" tests="2" name="GRP-bvt" time="0.126" errors="0" timestamp="2024-06-11T11:05:17 IST">
  <testcase classname="TESTNG_Automation.GroupsDemoTest" name="bTest3" time="0.015"/>
  <testcase classname="TESTNG_Automation.GroupsDemoTest" name="bTest4" time="0.005"/>
  <testcase classname="TESTNG_Automation.GroupsDemoTest" name="aTest1" time="0.0">
    <ignored/>
  </testcase> <!-- aTest1 -->
  <testcase classname="TESTNG_Automation.GroupsDemoTest" name="bTest2" time="0.0">
    <ignored/>
  </testcase> <!-- bTest2 -->
</testsuite> <!-- GRP-bvt -->
